if ! [ -e /Users/Bernard_1/class_holo/build ]; then mkdir /Users/Bernard_1/class_holo/build ; mkdir /Users/Bernard_1/class_holo/build/lib; fi;
touch build/.base
cd /Users/Bernard_1/class_holo/build;gcc -O3 -pthread  -g -fPIC -D__CLASSDIR__='"/Users/Bernard_1/class_holo"' -DHYREC -I../include -I../external/RecfastCLASS -I../external/heating -I../external/HyRec2020 -I../external/Halofit -I../external/HMcode -c ../tools/growTable.c -o growTable.o
cd /Users/Bernard_1/class_holo/build;gcc -O3 -pthread  -g -fPIC -D__CLASSDIR__='"/Users/Bernard_1/class_holo"' -DHYREC -I../include -I../external/RecfastCLASS -I../external/heating -I../external/HyRec2020 -I../external/Halofit -I../external/HMcode -c ../tools/dei_rkck.c -o dei_rkck.o
cd /Users/Bernard_1/class_holo/build;gcc -O3 -pthread  -g -fPIC -D__CLASSDIR__='"/Users/Bernard_1/class_holo"' -DHYREC -I../include -I../external/RecfastCLASS -I../external/heating -I../external/HyRec2020 -I../external/Halofit -I../external/HMcode -c ../tools/sparse.c -o sparse.o
cd /Users/Bernard_1/class_holo/build;gcc -O3 -pthread  -g -fPIC -D__CLASSDIR__='"/Users/Bernard_1/class_holo"' -DHYREC -I../include -I../external/RecfastCLASS -I../external/heating -I../external/HyRec2020 -I../external/Halofit -I../external/HMcode -c ../tools/evolver_rkck.c -o evolver_rkck.o
cd /Users/Bernard_1/class_holo/build;gcc -O3 -pthread  -g -fPIC -D__CLASSDIR__='"/Users/Bernard_1/class_holo"' -DHYREC -I../include -I../external/RecfastCLASS -I../external/heating -I../external/HyRec2020 -I../external/Halofit -I../external/HMcode -c ../tools/evolver_ndf15.c -o evolver_ndf15.o
cd /Users/Bernard_1/class_holo/build;g++ --std=c++11 -fpermissive -Wno-write-strings -O3 -pthread  -g -fPIC -D__CLASSDIR__='"/Users/Bernard_1/class_holo"' -DHYREC -I../include -I../external/RecfastCLASS -I../external/heating -I../external/HyRec2020 -I../external/Halofit -I../external/HMcode -c ../tools/arrays.c -o arrays.opp
clang++: warning: treating 'c' input as 'c++' when in C++ mode, this behavior is deprecated [-Wdeprecated]
cd /Users/Bernard_1/class_holo/build;gcc -O3 -pthread  -g -fPIC -D__CLASSDIR__='"/Users/Bernard_1/class_holo"' -DHYREC -I../include -I../external/RecfastCLASS -I../external/heating -I../external/HyRec2020 -I../external/Halofit -I../external/HMcode -c ../tools/parser.c -o parser.o
cd /Users/Bernard_1/class_holo/build;gcc -O3 -pthread  -g -fPIC -D__CLASSDIR__='"/Users/Bernard_1/class_holo"' -DHYREC -I../include -I../external/RecfastCLASS -I../external/heating -I../external/HyRec2020 -I../external/Halofit -I../external/HMcode -c ../tools/quadrature.c -o quadrature.o
cd /Users/Bernard_1/class_holo/build;g++ --std=c++11 -fpermissive -Wno-write-strings -O3 -pthread  -g -fPIC -D__CLASSDIR__='"/Users/Bernard_1/class_holo"' -DHYREC -I../include -I../external/RecfastCLASS -I../external/heating -I../external/HyRec2020 -I../external/Halofit -I../external/HMcode -c ../tools/hyperspherical.c -o hyperspherical.opp
clang++: warning: treating 'c' input as 'c++' when in C++ mode, this behavior is deprecated [-Wdeprecated]
cd /Users/Bernard_1/class_holo/build;gcc -O3 -pthread  -g -fPIC -D__CLASSDIR__='"/Users/Bernard_1/class_holo"' -DHYREC -I../include -I../external/RecfastCLASS -I../external/heating -I../external/HyRec2020 -I../external/Halofit -I../external/HMcode -c ../tools/common.c -o common.o
cd /Users/Bernard_1/class_holo/build;gcc -O3 -pthread  -g -fPIC -D__CLASSDIR__='"/Users/Bernard_1/class_holo"' -DHYREC -I../include -I../external/RecfastCLASS -I../external/heating -I../external/HyRec2020 -I../external/Halofit -I../external/HMcode -c ../tools/trigonometric_integrals.c -o trigonometric_integrals.o
cd /Users/Bernard_1/class_holo/build;gcc -O3 -pthread  -g -fPIC -D__CLASSDIR__='"/Users/Bernard_1/class_holo"' -DHYREC -I../include -I../external/RecfastCLASS -I../external/heating -I../external/HyRec2020 -I../external/Halofit -I../external/HMcode -c ../source/input.c -o input.o
cd /Users/Bernard_1/class_holo/build;gcc -O3 -pthread  -g -fPIC -D__CLASSDIR__='"/Users/Bernard_1/class_holo"' -DHYREC -I../include -I../external/RecfastCLASS -I../external/heating -I../external/HyRec2020 -I../external/Halofit -I../external/HMcode -c ../source/background.c -o background.o
../tools/hyperspherical.c:1033:12: warning: variable length arrays in C++ are a Clang extension [-Wvla-cxx-extension]
 1033 |   double x[REFINE];
      |            ^~~~~~
../tools/hyperspherical.c:1033:12: note: read of non-const variable 'REFINE' is not allowed in a constant expression
../tools/hyperspherical.c:1032:7: note: declared here
 1032 |   int REFINE=10;
      |       ^
../tools/hyperspherical.c:1034:14: warning: variable length arrays in C++ are a Clang extension [-Wvla-cxx-extension]
 1034 |   double Phi[REFINE];
      |              ^~~~~~
../tools/hyperspherical.c:1034:14: note: read of non-const variable 'REFINE' is not allowed in a constant expression
../tools/hyperspherical.c:1032:7: note: declared here
 1032 |   int REFINE=10;
      |       ^
cd /Users/Bernard_1/class_holo/build;gcc -O3 -pthread  -g -fPIC -D__CLASSDIR__='"/Users/Bernard_1/class_holo"' -DHYREC -I../include -I../external/RecfastCLASS -I../external/heating -I../external/HyRec2020 -I../external/Halofit -I../external/HMcode -c ../source/thermodynamics.c -o thermodynamics.o
cd /Users/Bernard_1/class_holo/build;g++ --std=c++11 -fpermissive -Wno-write-strings -O3 -pthread  -g -fPIC -D__CLASSDIR__='"/Users/Bernard_1/class_holo"' -DHYREC -I../include -I../external/RecfastCLASS -I../external/heating -I../external/HyRec2020 -I../external/Halofit -I../external/HMcode -c ../source/perturbations.c -o perturbations.opp
cd /Users/Bernard_1/class_holo/build;g++ --std=c++11 -fpermissive -Wno-write-strings -O3 -pthread  -g -fPIC -D__CLASSDIR__='"/Users/Bernard_1/class_holo"' -DHYREC -I../include -I../external/RecfastCLASS -I../external/heating -I../external/HyRec2020 -I../external/Halofit -I../external/HMcode -c ../source/primordial.c -o primordial.opp
clang++: warning: treating 'c' input as 'c++' when in C++ mode, this behavior is deprecated [-Wdeprecated]
clang++: warning: treating 'c' input as 'c++' when in C++ mode, this behavior is deprecated [-Wdeprecated]
cd /Users/Bernard_1/class_holo/build;gcc -O3 -pthread  -g -fPIC -D__CLASSDIR__='"/Users/Bernard_1/class_holo"' -DHYREC -I../include -I../external/RecfastCLASS -I../external/heating -I../external/HyRec2020 -I../external/Halofit -I../external/HMcode -c ../source/fourier.c -o fourier.o
2 warnings generated.
cd /Users/Bernard_1/class_holo/build;g++ --std=c++11 -fpermissive -Wno-write-strings -O3 -pthread  -g -fPIC -D__CLASSDIR__='"/Users/Bernard_1/class_holo"' -DHYREC -I../include -I../external/RecfastCLASS -I../external/heating -I../external/HyRec2020 -I../external/Halofit -I../external/HMcode -c ../source/transfer.c -o transfer.opp
clang++: warning: treating 'c' input as 'c++' when in C++ mode, this behavior is deprecated [-Wdeprecated]
cd /Users/Bernard_1/class_holo/build;g++ --std=c++11 -fpermissive -Wno-write-strings -O3 -pthread  -g -fPIC -D__CLASSDIR__='"/Users/Bernard_1/class_holo"' -DHYREC -I../include -I../external/RecfastCLASS -I../external/heating -I../external/HyRec2020 -I../external/Halofit -I../external/HMcode -c ../source/harmonic.c -o harmonic.opp
clang++: warning: treating 'c' input as 'c++' when in C++ mode, this behavior is deprecated [-Wdeprecated]
cd /Users/Bernard_1/class_holo/build;g++ --std=c++11 -fpermissive -Wno-write-strings -O3 -pthread  -g -fPIC -D__CLASSDIR__='"/Users/Bernard_1/class_holo"' -DHYREC -I../include -I../external/RecfastCLASS -I../external/heating -I../external/HyRec2020 -I../external/Halofit -I../external/HMcode -c ../source/lensing.c -o lensing.opp
clang++: warning: treating 'c' input as 'c++' when in C++ mode, this behavior is deprecated [-Wdeprecated]
cd /Users/Bernard_1/class_holo/build;gcc -O3 -pthread  -g -fPIC -D__CLASSDIR__='"/Users/Bernard_1/class_holo"' -DHYREC -I../include -I../external/RecfastCLASS -I../external/heating -I../external/HyRec2020 -I../external/Halofit -I../external/HMcode -c ../source/distortions.c -o distortions.o
cd /Users/Bernard_1/class_holo/build;gcc -O3 -pthread  -g -fPIC -D__CLASSDIR__='"/Users/Bernard_1/class_holo"' -DHYREC -I../include -I../external/RecfastCLASS -I../external/heating -I../external/HyRec2020 -I../external/Halofit -I../external/HMcode -c ../external/RecfastCLASS/wrap_recfast.c -o wrap_recfast.o
cd /Users/Bernard_1/class_holo/build;gcc -O3 -pthread  -g -fPIC -D__CLASSDIR__='"/Users/Bernard_1/class_holo"' -DHYREC -I../include -I../external/RecfastCLASS -I../external/heating -I../external/HyRec2020 -I../external/Halofit -I../external/HMcode -c ../external/heating/injection.c -o injection.o
cd /Users/Bernard_1/class_holo/build;gcc -O3 -pthread  -g -fPIC -D__CLASSDIR__='"/Users/Bernard_1/class_holo"' -DHYREC -I../include -I../external/RecfastCLASS -I../external/heating -I../external/HyRec2020 -I../external/Halofit -I../external/HMcode -c ../external/heating/noninjection.c -o noninjection.o
cd /Users/Bernard_1/class_holo/build;gcc -O3 -pthread  -g -fPIC -D__CLASSDIR__='"/Users/Bernard_1/class_holo"' -DHYREC -I../include -I../external/RecfastCLASS -I../external/heating -I../external/HyRec2020 -I../external/Halofit -I../external/HMcode -c ../external/HyRec2020/hyrectools.c -o hyrectools.o
cd /Users/Bernard_1/class_holo/build;gcc -O3 -pthread  -g -fPIC -D__CLASSDIR__='"/Users/Bernard_1/class_holo"' -DHYREC -I../include -I../external/RecfastCLASS -I../external/heating -I../external/HyRec2020 -I../external/Halofit -I../external/HMcode -c ../external/HyRec2020/helium.c -o helium.o
cd /Users/Bernard_1/class_holo/build;gcc -O3 -pthread  -g -fPIC -D__CLASSDIR__='"/Users/Bernard_1/class_holo"' -DHYREC -I../include -I../external/RecfastCLASS -I../external/heating -I../external/HyRec2020 -I../external/Halofit -I../external/HMcode -c ../external/HyRec2020/hydrogen.c -o hydrogen.o
cd /Users/Bernard_1/class_holo/build;gcc -O3 -pthread  -g -fPIC -D__CLASSDIR__='"/Users/Bernard_1/class_holo"' -DHYREC -I../include -I../external/RecfastCLASS -I../external/heating -I../external/HyRec2020 -I../external/Halofit -I../external/HMcode -c ../external/HyRec2020/history.c -o history.o
cd /Users/Bernard_1/class_holo/build;gcc -O3 -pthread  -g -fPIC -D__CLASSDIR__='"/Users/Bernard_1/class_holo"' -DHYREC -I../include -I../external/RecfastCLASS -I../external/heating -I../external/HyRec2020 -I../external/Halofit -I../external/HMcode -c ../external/HyRec2020/wrap_hyrec.c -o wrap_hyrec.o
cd /Users/Bernard_1/class_holo/build;gcc -O3 -pthread  -g -fPIC -D__CLASSDIR__='"/Users/Bernard_1/class_holo"' -DHYREC -I../include -I../external/RecfastCLASS -I../external/heating -I../external/HyRec2020 -I../external/Halofit -I../external/HMcode -c ../external/HyRec2020/energy_injection.c -o energy_injection.o
cd /Users/Bernard_1/class_holo/build;gcc -O3 -pthread  -g -fPIC -D__CLASSDIR__='"/Users/Bernard_1/class_holo"' -DHYREC -I../include -I../external/RecfastCLASS -I../external/heating -I../external/HyRec2020 -I../external/Halofit -I../external/HMcode -c ../external/Halofit/halofit.c -o halofit.o
cd /Users/Bernard_1/class_holo/build;g++ --std=c++11 -fpermissive -Wno-write-strings -O3 -pthread  -g -fPIC -D__CLASSDIR__='"/Users/Bernard_1/class_holo"' -DHYREC -I../include -I../external/RecfastCLASS -I../external/heating -I../external/HyRec2020 -I../external/Halofit -I../external/HMcode -c ../external/HMcode/hmcode.c -o hmcode.opp
cd /Users/Bernard_1/class_holo/build;gcc -O3 -pthread  -g -fPIC -D__CLASSDIR__='"/Users/Bernard_1/class_holo"' -DHYREC -I../include -I../external/RecfastCLASS -I../external/heating -I../external/HyRec2020 -I../external/Halofit -I../external/HMcode -c ../source/output.c -o output.o
clang++: warning: treating 'c' input as 'c++' when in C++ mode, this behavior is deprecated [-Wdeprecated]
cd /Users/Bernard_1/class_holo/build;gcc -O3 -pthread  -g -fPIC -D__CLASSDIR__='"/Users/Bernard_1/class_holo"' -DHYREC -I../include -I../external/RecfastCLASS -I../external/heating -I../external/HyRec2020 -I../external/Halofit -I../external/HMcode -c ../main/class.c -o class.o
g++ --std=c++11 -fpermissive -Wno-write-strings -O3 -pthread  -g -fPIC -o class build/growTable.o build/dei_rkck.o build/sparse.o build/evolver_rkck.o build/evolver_ndf15.o build/arrays.opp build/parser.o build/quadrature.o build/hyperspherical.opp build/common.o build/trigonometric_integrals.o build/input.o build/background.o build/thermodynamics.o build/perturbations.opp build/primordial.opp build/fourier.o build/transfer.opp build/harmonic.opp build/lensing.opp build/distortions.o build/wrap_recfast.o build/injection.o build/noninjection.o build/hyrectools.o build/helium.o build/hydrogen.o build/history.o build/wrap_hyrec.o build/energy_injection.o build/halofit.o build/hmcode.opp build/output.o build/class.o -lm
ar rv  libclass.a build/growTable.o build/dei_rkck.o build/sparse.o build/evolver_rkck.o build/evolver_ndf15.o build/arrays.opp build/parser.o build/quadrature.o build/hyperspherical.opp build/common.o build/trigonometric_integrals.o build/input.o build/background.o build/thermodynamics.o build/perturbations.opp build/primordial.opp build/fourier.o build/transfer.opp build/harmonic.opp build/lensing.opp build/distortions.o build/wrap_recfast.o build/injection.o build/noninjection.o build/hyrectools.o build/helium.o build/hydrogen.o build/history.o build/wrap_hyrec.o build/energy_injection.o build/halofit.o build/hmcode.opp
ar: creating archive libclass.a
a - build/growTable.o
a - build/dei_rkck.o
a - build/sparse.o
a - build/evolver_rkck.o
a - build/evolver_ndf15.o
a - build/arrays.opp
a - build/parser.o
a - build/quadrature.o
a - build/hyperspherical.opp
a - build/common.o
a - build/trigonometric_integrals.o
a - build/input.o
a - build/background.o
a - build/thermodynamics.o
a - build/perturbations.opp
a - build/primordial.opp
a - build/fourier.o
a - build/transfer.opp
a - build/harmonic.opp
a - build/lensing.opp
a - build/distortions.o
a - build/wrap_recfast.o
a - build/injection.o
a - build/noninjection.o
a - build/hyrectools.o
a - build/helium.o
a - build/hydrogen.o
a - build/history.o
a - build/wrap_hyrec.o
a - build/energy_injection.o
a - build/halofit.o
a - build/hmcode.opp
export CC=gcc; output=$(python -m pip install . 2>&1); \
    echo "$output"; \
    if echo "$output" | grep -q "ERROR: Cannot uninstall"; then \
        site_packages=$(python -c "import distutils.sysconfig; print(distutils.sysconfig.get_python_lib())" || python -c "import site; print(site.getsitepackages()[0])") && \
        echo "Cleaning up previous installation in: $site_packages" && \
        rm -rf $site_packages/classy* && \
        python -m pip install .; \
    fi
Processing /Users/Bernard_1/class_holo
  Installing build dependencies: started
  Installing build dependencies: finished with status 'done'
  Getting requirements to build wheel: started
  Getting requirements to build wheel: finished with status 'done'
  Preparing metadata (pyproject.toml): started
  Preparing metadata (pyproject.toml): finished with status 'done'
Building wheels for collected packages: classy
  Building wheel for classy (pyproject.toml): started
  Building wheel for classy (pyproject.toml): finished with status 'done'
  Created wheel for classy: filename=classy-3.3.4.0-cp313-cp313-macosx_15_0_arm64.whl size=7315095 sha256=98cf33908dafb53aab6084c6e9ef0cac025c9177bc095ed765f4d31b20c8c85a
  Stored in directory: /private/var/folders/b8/qhwq_lps60d12h37_mf1rvvh0000gn/T/pip-ephem-wheel-cache-3oa672ar/wheels/12/e9/12/0d0dc3d9377abf8b135cbb37fde489ce8f86e58871dc758549
Successfully built classy
Installing collected packages: classy
  Attempting uninstall: classy
    Found existing installation: classy 3.3.4.0
    Uninstalling classy-3.3.4.0:
      Successfully uninstalled classy-3.3.4.0
Successfully installed classy-3.3.4.0

[notice] A new release of pip is available: 24.2 -> 25.3
[notice] To update, run: pip install --upgrade pip
